Arguments: 
  /usr/local/Cellar/node/7.8.0/bin/node /usr/local/bin/yarn add react-reduz

PATH: 
  /Users/mark/.rvm/gems/ruby-2.3.3/bin:/Users/mark/.rvm/gems/ruby-2.3.3@global/bin:/Users/mark/.rvm/rubies/ruby-2.3.3/bin:/Applications/Postgres.app/Contents/Versions/latest/bin:/usr/local:/usr/local/bin:/usr/local/sbin:/usr/bin:/usr/local/bin:/usr/bin:/bin:/usr/sbin:/sbin:/opt/X11/bin:/Users/mark/.rvm/bin

Yarn version: 
  1.5.1

Node version: 
  7.8.0

Platform: 
  darwin x64

npm manifest: 
  {
    "name": "redux-intro-shopping-list",
    "version": "0.1.0",
    "private": true,
    "devDependencies": {
      "react-scripts": "0.7.0"
    },
    "dependencies": {
      "react": "^15.3.2",
      "react-bootstrap": "^0.30.6",
      "react-dom": "^15.3.2",
      "react-redux": "^4.4.5",
      "redux": "^3.6.0"
    },
    "scripts": {
      "start": "react-scripts start",
      "build": "react-scripts build",
      "test": "react-scripts test --env=jsdom",
      "eject": "react-scripts eject"
    }
  }

yarn manifest: 
  No manifest

Lockfile: 
  No lockfile

Trace: 
  Error: Couldn't find package "react-reduz" on the "npm" registry.
      at new MessageError (/usr/local/lib/node_modules/yarn/lib/cli.js:186:110)
      at NpmResolver.<anonymous> (/usr/local/lib/node_modules/yarn/lib/cli.js:51625:15)
      at Generator.next (<anonymous>)
      at step (/usr/local/lib/node_modules/yarn/lib/cli.js:98:30)
      at /usr/local/lib/node_modules/yarn/lib/cli.js:109:13
      at process._tickCallback (internal/process/next_tick.js:109:7)
